<?xml version="1.0" encoding="UTF-8"?>
<robot generator="Robot 3.1.2 (Python 3.7.4 on darwin)" generated="20191005 01:30:57.465" rpa="false">
<suite id="s1" name="Amazon" source="/Users/doringber/PycharmProjects/homework/amazon/robot/amazon.robot">
<kw name="Open Home Page" type="setup">
<kw name="Open Browser" library="SeleniumLibrary">
<doc>Opens a new browser instance to the given ``url``.</doc>
<arguments>
<arg>${URL}</arg>
<arg>${BROWSER}</arg>
</arguments>
<msg timestamp="20191005 01:30:57.570" level="INFO">Opening browser 'chrome' to base url 'https://www.amazon.in/'.</msg>
<kw name="Capture Page Screenshot" library="SeleniumLibrary">
<doc>Takes a screenshot of the current page and embeds it into a log file.</doc>
<msg timestamp="20191005 01:30:57.571" level="INFO">Cannot capture screenshot because no browser is open.</msg>
<status status="PASS" starttime="20191005 01:30:57.571" endtime="20191005 01:30:57.571"></status>
</kw>
<msg timestamp="20191005 01:30:57.572" level="FAIL">TypeError: __init__() got an unexpected keyword argument 'options'</msg>
<status status="FAIL" starttime="20191005 01:30:57.570" endtime="20191005 01:30:57.572"></status>
</kw>
<status status="FAIL" starttime="20191005 01:30:57.570" endtime="20191005 01:30:57.572"></status>
</kw>
<test id="s1-t1" name="Verify search field on home screen">
<doc>As a user can open the amazon home page and see the tagline</doc>
<tags>
<tag>amazon_search sanity</tag>
</tags>
<status status="FAIL" starttime="20191005 01:30:57.572" endtime="20191005 01:30:57.573" critical="yes">Parent suite setup failed:
TypeError: __init__() got an unexpected keyword argument 'options'</status>
</test>
<kw name="Close Browsers" type="teardown">
<kw name="Close All Browsers" library="SeleniumLibrary">
<doc>Closes all open browsers and resets the browser cache.</doc>
<status status="PASS" starttime="20191005 01:30:57.574" endtime="20191005 01:30:57.574"></status>
</kw>
<status status="PASS" starttime="20191005 01:30:57.573" endtime="20191005 01:30:57.574"></status>
</kw>
<status status="FAIL" starttime="20191005 01:30:57.467" endtime="20191005 01:30:57.574">Suite setup failed:
TypeError: __init__() got an unexpected keyword argument 'options'</status>
</suite>
<statistics>
<total>
<stat pass="0" fail="1">Critical Tests</stat>
<stat pass="0" fail="1">All Tests</stat>
</total>
<tag>
<stat pass="0" fail="1">amazon_search sanity</stat>
</tag>
<suite>
<stat pass="0" fail="1" id="s1" name="Amazon">Amazon</stat>
</suite>
</statistics>
<errors>
</errors>
</robot>
